Loading db file '/usr/cad/CBDK/CBDK018_UMC_Faraday_v1.0/orig_lib/fsa0m_a/2009Q2v2.0/GENERIC_CORE/FrontEnd/synopsys/fsa0m_a_generic_core_ss1p62v125c.db'
Loading db file '/home/user2/vsd23/vsd2387/VSD/Hw2/Hw2_v6/N26XXXXXX/sim/SRAM/SRAM_WC.db'
Information: Propagating switching activity (low effort zero delay simulation). (PWR-6)
Warning: Design has unannotated primary inputs. (PWR-414)
Warning: Design has unannotated sequential cell outputs. (PWR-415)
Warning: Design has unannotated black box outputs. (PWR-428)
 
****************************************
Report : power
        -analysis_effort low
Design : top
Version: O-2018.06
Date   : Wed Nov  1 14:24:24 2023
****************************************


Library(s) Used:

    fsa0m_a_generic_core_ss1p62v125c (File: /usr/cad/CBDK/CBDK018_UMC_Faraday_v1.0/orig_lib/fsa0m_a/2009Q2v2.0/GENERIC_CORE/FrontEnd/synopsys/fsa0m_a_generic_core_ss1p62v125c.db)
    SRAM_WC (File: /home/user2/vsd23/vsd2387/VSD/Hw2/Hw2_v6/N26XXXXXX/sim/SRAM/SRAM_WC.db)


Operating Conditions: WCCOM   Library: fsa0m_a_generic_core_ss1p62v125c
Wire Load Model Mode: enclosed

Design        Wire Load Model            Library
------------------------------------------------
top                    enG1000K          fsa0m_a_generic_core_ss1p62v125c
CPU_wrapper            enG100K           fsa0m_a_generic_core_ss1p62v125c
AXI                    enG5K             fsa0m_a_generic_core_ss1p62v125c
SRAM_wrapper_0         enG500K           fsa0m_a_generic_core_ss1p62v125c
CPU                    enG100K           fsa0m_a_generic_core_ss1p62v125c
AXIMaster_0            enG5K             fsa0m_a_generic_core_ss1p62v125c
AXISlave_0             enG5K             fsa0m_a_generic_core_ss1p62v125c
IF1                    enG5K             fsa0m_a_generic_core_ss1p62v125c
ID                     enG30K            fsa0m_a_generic_core_ss1p62v125c
EXE                    enG50K            fsa0m_a_generic_core_ss1p62v125c
MEM                    enG5K             fsa0m_a_generic_core_ss1p62v125c
WB                     enG5K             fsa0m_a_generic_core_ss1p62v125c
ALU                    enG30K            fsa0m_a_generic_core_ss1p62v125c
SRAM_wrapper_1         enG500K           fsa0m_a_generic_core_ss1p62v125c
AXIMaster_1            enG5K             fsa0m_a_generic_core_ss1p62v125c
AXISlave_1             enG5K             fsa0m_a_generic_core_ss1p62v125c
IF1_DW01_add_0         enG5K             fsa0m_a_generic_core_ss1p62v125c
ALU_DW_mult_uns_1      enG10K            fsa0m_a_generic_core_ss1p62v125c
ALU_DW_mult_tc_2       enG10K            fsa0m_a_generic_core_ss1p62v125c
ALU_DW_mult_tc_3       enG10K            fsa0m_a_generic_core_ss1p62v125c
ALU_DW01_cmp2_1        enG5K             fsa0m_a_generic_core_ss1p62v125c
EXE_DW01_inc_2         enG5K             fsa0m_a_generic_core_ss1p62v125c
EXE_DW01_inc_3         enG5K             fsa0m_a_generic_core_ss1p62v125c
ALU_DW01_sub_1         enG5K             fsa0m_a_generic_core_ss1p62v125c
ALU_DW01_add_2         enG5K             fsa0m_a_generic_core_ss1p62v125c
ALU_DW01_add_3         enG5K             fsa0m_a_generic_core_ss1p62v125c
ALU_DW01_cmp6_1        enG5K             fsa0m_a_generic_core_ss1p62v125c
EXE_DW01_add_1         enG5K             fsa0m_a_generic_core_ss1p62v125c
AXISlave_0_DW01_add_4  enG5K             fsa0m_a_generic_core_ss1p62v125c
AXISlave_1_DW01_add_4  enG5K             fsa0m_a_generic_core_ss1p62v125c
AXISlave_0_DW01_add_5  enG5K             fsa0m_a_generic_core_ss1p62v125c
AXISlave_1_DW01_add_5  enG5K             fsa0m_a_generic_core_ss1p62v125c


Global Operating Voltage = 1.62 
Power-specific unit information :
    Voltage Units = 1V
    Capacitance Units = 1.000000pf
    Time Units = 1ns
    Dynamic Power Units = 1mW    (derived from V,C,T units)
    Leakage Power Units = 1pW


  Cell Internal Power  = 123.6533 mW   (99%)
  Net Switching Power  =   1.8720 mW    (1%)
                         ---------
Total Dynamic Power    = 125.5253 mW  (100%)

Cell Leakage Power     =   1.2505 mW


                 Internal         Switching           Leakage            Total
Power Group      Power            Power               Power              Power   (   %    )  Attrs
--------------------------------------------------------------------------------------------------
io_pad             0.0000            0.0000            0.0000            0.0000  (   0.00%)
memory           114.7420        4.2236e-02        1.2171e+09          116.0014  (  91.50%)
black_box          0.0000            0.0000            0.0000            0.0000  (   0.00%)
clock_network      0.0000            0.0000            0.0000            0.0000  (   0.00%)
register           8.3882        9.7254e-02        7.3586e+06            8.4929  (   6.70%)
sequential         0.0000            0.0000            0.0000            0.0000  (   0.00%)
combinational      0.5231            1.7327        2.5984e+07            2.2817  (   1.80%)
--------------------------------------------------------------------------------------------------
Total            123.6533 mW         1.8722 mW     1.2505e+09 pW       126.7759 mW
1
